2025-08-18 14:18:25,784 [Worker-6: Loading available Gradle versions] INFO  o.e.b.c.i.u.g.PublishedGradleVersions - Gradle version information cache is not available. Remote download required.
2025-08-18 14:50:16,394 [Worker-1: Loading available Gradle versions] INFO  o.e.b.c.i.u.g.PublishedGradleVersions - Gradle version information cache is up-to-date. Trying to read.
2025-08-20 13:49:50,920 [Worker-7: Loading available Gradle versions] INFO  o.e.b.c.i.u.g.PublishedGradleVersions - Gradle version information cache is out-of-date. Trying to update.
2025-08-25 14:22:14,887 [Worker-1: Loading available Gradle versions] INFO  o.e.b.c.i.u.g.PublishedGradleVersions - Gradle version information cache is up-to-date. Trying to read.
2025-08-27 13:41:55,083 [Worker-4: Loading available Gradle versions] INFO  o.e.b.c.i.u.g.PublishedGradleVersions - Gradle version information cache is out-of-date. Trying to update.
2025-08-27 13:57:30,977 [JGit-FileStoreAttributeWriter-1] ERROR o.e.j.i.storage.file.LockFile - Creating lock file /Users/kshi3430/.config/jgit/config.lock failed
java.io.IOException: Creating directories for /Users/kshi3430/.config/jgit failed
	at org.eclipse.jgit.util.FileUtils.mkdirs(FileUtils.java:421)
	at org.eclipse.jgit.internal.storage.file.LockFile.createLockFile(LockFile.java:172)
	at org.eclipse.jgit.internal.storage.file.LockFile.createLockFileWithRetry(LockFile.java:165)
	at org.eclipse.jgit.internal.storage.file.LockFile.lock(LockFile.java:146)
	at org.eclipse.jgit.storage.file.FileBasedConfig.save(FileBasedConfig.java:201)
	at org.eclipse.jgit.util.FS$FileStoreAttributes.saveToConfig(FS.java:761)
	at org.eclipse.jgit.util.FS$FileStoreAttributes.lambda$4(FS.java:433)
	at java.base/java.util.concurrent.ThreadPoolExecutor.runWorker(ThreadPoolExecutor.java:1144)
	at java.base/java.util.concurrent.ThreadPoolExecutor$Worker.run(ThreadPoolExecutor.java:642)
	at java.base/java.lang.Thread.run(Thread.java:1583)
2025-08-27 13:57:30,980 [JGit-FileStoreAttributeWriter-1] ERROR org.eclipse.jgit.util.FS - Cannot save config file 'FileBasedConfig[/Users/kshi3430/.config/jgit/config]'
java.io.IOException: Creating directories for /Users/kshi3430/.config/jgit failed
	at org.eclipse.jgit.util.FileUtils.mkdirs(FileUtils.java:421)
	at org.eclipse.jgit.internal.storage.file.LockFile.createLockFile(LockFile.java:172)
	at org.eclipse.jgit.internal.storage.file.LockFile.createLockFileWithRetry(LockFile.java:165)
	at org.eclipse.jgit.internal.storage.file.LockFile.lock(LockFile.java:146)
	at org.eclipse.jgit.storage.file.FileBasedConfig.save(FileBasedConfig.java:201)
	at org.eclipse.jgit.util.FS$FileStoreAttributes.saveToConfig(FS.java:761)
	at org.eclipse.jgit.util.FS$FileStoreAttributes.lambda$4(FS.java:433)
	at java.base/java.util.concurrent.ThreadPoolExecutor.runWorker(ThreadPoolExecutor.java:1144)
	at java.base/java.util.concurrent.ThreadPoolExecutor$Worker.run(ThreadPoolExecutor.java:642)
	at java.base/java.lang.Thread.run(Thread.java:1583)
